生成启动时间为 2017/4/27 18:49:28。
     1>项目“D:\mfc\学生信息管理系统（MFC）\student\student.vcxproj”在节点 2 上(build 个目标)。
     1>InitializeBuildStatus:
         正在对“.\Debug\student.unsuccessfulbuild”执行 Touch 任务。
       ClCompile:
         所有输出均为最新。
         所有输出均为最新。
       ResourceCompile:
         C:\Program Files (x86)\Microsoft SDKs\Windows\v7.0A\bin\rc.exe /D _DEBUG /D _VC80_UPGRADE=0x0600 /D _AFXDLL /l"0x0804" /nologo /fo".\Debug\student.res" student.rc 
       ManifestResourceCompile:
         C:\Program Files (x86)\Microsoft SDKs\Windows\v7.0A\bin\rc.exe /nologo /fo".\Debug\student.exe.embed.manifest.res" .\Debug\student_manifest.rc 
       Link:
         C:\Program Files (x86)\Microsoft Visual Studio 10.0\VC\bin\link.exe /ERRORREPORT:PROMPT /OUT:".\Debug\student.exe" /INCREMENTAL /NOLOGO /MANIFEST /ManifestFile:".\Debug\student.exe.intermediate.manifest" /MANIFESTUAC:"level='asInvoker' uiAccess='false'" /DEBUG /PDB:"D:\mfc\学生信息管理系统（MFC）\student\Debug\student.pdb" /SUBSYSTEM:WINDOWS /TLBID:1 /DYNAMICBASE /NXCOMPAT /IMPLIB:".\Debug\student.lib" /MACHINE:X86 .\Debug\student.res
         .\Debug\student.exe.embed.manifest.res
         .\Debug\StdAfx.obj
         .\Debug\student.obj
         .\Debug\studentDlg.obj
     1>LINK : fatal error LNK1104: 无法打开文件“mfc42d.lib”
     1>已完成生成项目“D:\mfc\学生信息管理系统（MFC）\student\student.vcxproj”(build 个目标)的操作 - 失败。

生成失败。

已用时间 00:00:00.21
